<?xml version="1.0" encoding="utf-8"?><testsuites name="pytest tests"><testsuite name="pytest" errors="0" failures="0" skipped="0" tests="22" time="3.121" timestamp="2026-05-18T14:15:47.241283+00:00" hostname="agent-env-b172030d-6e13-473d-93a0-2230a947faa0"><testcase classname="backend.tests.test_canada_payment_live.TestHealth" name="test_canada_health" time="0.255" /><testcase classname="backend.tests.test_canada_payment_live.TestOrderCreate" name="test_create_basic_shape" time="0.047" /><testcase classname="backend.tests.test_canada_payment_live.TestOrderCreate" name="test_create_reuses_existing_pending_order" time="0.090" /><testcase classname="backend.tests.test_canada_payment_live.TestOrderCreate" name="test_create_normalizes_username_case" time="0.089" /><testcase classname="backend.tests.test_canada_payment_live.TestOrderCreate" name="test_create_rejects_empty_username" time="0.041" /><testcase classname="backend.tests.test_canada_payment_live.TestOrderStatus" name="test_status_for_known_order" time="0.091" /><testcase classname="backend.tests.test_canada_payment_live.TestOrderStatus" name="test_status_unknown_order_404" time="0.042" /><testcase classname="backend.tests.test_canada_payment_live.TestLicensePublic" name="test_license_unpaid_user" time="0.043" /><testcase classname="backend.tests.test_canada_payment_live.TestAdminAuth" name="test_grant_without_token_returns_401" time="0.041" /><testcase classname="backend.tests.test_canada_payment_live.TestAdminAuth" name="test_grant_with_wrong_token_returns_401" time="0.042" /><testcase classname="backend.tests.test_canada_payment_live.TestAdminAuth" name="test_orders_without_token_returns_401" time="0.052" /><testcase classname="backend.tests.test_canada_payment_live.TestAdminGrantRevoke" name="test_01_grant_12_months" time="0.046" /><testcase classname="backend.tests.test_canada_payment_live.TestAdminGrantRevoke" name="test_02_license_lookup_after_grant" time="0.043" /><testcase classname="backend.tests.test_canada_payment_live.TestAdminGrantRevoke" name="test_03_create_order_for_already_licensed_user" time="0.043" /><testcase classname="backend.tests.test_canada_payment_live.TestAdminGrantRevoke" name="test_04_grant_extends_existing_license" time="0.088" /><testcase classname="backend.tests.test_canada_payment_live.TestAdminGrantRevoke" name="test_05_revoke" time="0.046" /><testcase classname="backend.tests.test_canada_payment_live.TestAdminGrantRevoke" name="test_06_license_lookup_after_revoke" time="0.042" /><testcase classname="backend.tests.test_canada_payment_live.TestAdminListing" name="test_list_orders_includes_recent_qa_orders" time="0.090" /><testcase classname="backend.tests.test_canada_payment_live.TestAdminListing" name="test_list_licenses" time="0.133" /><testcase classname="backend.tests.test_canada_payment_live.TestAdminForcePoll" name="test_force_poll_imap_round_trip" time="1.211" /><testcase classname="backend.tests.test_canada_payment_live.TestRegression" name="test_sports_home" time="0.096" /><testcase classname="backend.tests.test_canada_payment_live.TestRegression" name="test_sync_health" time="0.192" /></testsuite></testsuites>