<?xml version="1.0" encoding="utf-8"?><testsuites name="pytest tests"><testsuite name="pytest" errors="0" failures="0" skipped="1" tests="20" time="1.891" timestamp="2026-05-04T12:07:22.373862+00:00" hostname="agent-env-b172030d-6e13-473d-93a0-2230a947faa0"><testcase classname="backend.tests.test_dvr_service.TestHealth" name="test_health_shape" time="0.088" /><testcase classname="backend.tests.test_dvr_service.TestQuota" name="test_quota_fresh_user" time="0.046" /><testcase classname="backend.tests.test_dvr_service.TestQuota" name="test_quota_invalid_user_id_too_short" time="0.045" /><testcase classname="backend.tests.test_dvr_service.TestQuota" name="test_quota_invalid_user_id_uppercase" time="0.045" /><testcase classname="backend.tests.test_dvr_service.TestQuota" name="test_quota_missing_user_id" time="0.045" /><testcase classname="backend.tests.test_dvr_service.TestQuota" name="test_quota_sample_user" time="0.046" /><testcase classname="backend.tests.test_dvr_service.TestRecordingsList" name="test_list_empty_for_fresh_user" time="0.046" /><testcase classname="backend.tests.test_dvr_service.TestRecordingsList" name="test_list_invalid_user_id" time="0.045" /><testcase classname="backend.tests.test_dvr_service.TestRecordNowLifecycle" name="test_record_now_then_list_then_delete" time="0.233" /><testcase classname="backend.tests.test_dvr_service.TestRecordNowLifecycle" name="test_delete_unknown_rec_id_returns_404" time="0.045" /><testcase classname="backend.tests.test_dvr_service.TestRecordNowLifecycle" name="test_delete_all_returns_count" time="0.189" /><testcase classname="backend.tests.test_dvr_service.TestRecordNowLifecycle" name="test_record_now_rejects_bad_user_id" time="0.045" /><testcase classname="backend.tests.test_dvr_service.TestStream" name="test_stream_unknown_rec_id_returns_404" time="0.082" /><testcase classname="backend.tests.test_dvr_service.TestStream" name="test_stream_bad_rec_id_returns_400" time="0.079" /><testcase classname="backend.tests.test_dvr_service.TestQuotaClamp" name="test_402_when_quota_exhausted" time="0.000"><skipped type="pytest.skip" message="black-box test env cannot pre-seed 20 h of metadata on remote host">/app/backend/tests/test_dvr_service.py:237: black-box test env cannot pre-seed 20 h of metadata on remote host</skipped></testcase><testcase classname="backend.tests.test_dvr_service.TestOTA" name="test_version_json" time="0.207" /><testcase classname="backend.tests.test_dvr_service.TestOTA" name="test_apk_download_headers" time="0.141" /><testcase classname="backend.tests.test_dvr_service.TestPublicParity" name="test_nginx_root_is_plaintext" time="0.077" /><testcase classname="backend.tests.test_dvr_service.TestPublicParity" name="test_health_via_public_ip_matches_contract" time="0.085" /><testcase classname="backend.tests.test_dvr_service.TestPublicParity" name="test_nginx_forwards_422_untouched" time="0.085" /></testsuite></testsuites>