<?xml version="1.0" encoding="utf-8"?><testsuites name="pytest tests"><testsuite name="pytest" errors="0" failures="0" skipped="0" tests="13" time="3.235" timestamp="2026-04-29T16:17:54.671487+00:00" hostname="agent-env-b172030d-6e13-473d-93a0-2230a947faa0"><testcase classname="backend.tests.test_admin_api.TestAuth" name="test_login_success" time="0.463" /><testcase classname="backend.tests.test_admin_api.TestAuth" name="test_me_without_auth" time="0.196" /><testcase classname="backend.tests.test_admin_api.TestAuth" name="test_resellers_without_auth" time="0.108" /><testcase classname="backend.tests.test_admin_api.TestAuth" name="test_bad_password_401" time="0.114" /><testcase classname="backend.tests.test_admin_api.TestAuth" name="test_brute_force_429" time="0.854" /><testcase classname="backend.tests.test_admin_api.TestSummaryAndResellers" name="test_summary" time="0.053" /><testcase classname="backend.tests.test_admin_api.TestSummaryAndResellers" name="test_list_resellers_includes_default" time="0.047" /><testcase classname="backend.tests.test_admin_api.TestSummaryAndResellers" name="test_create_reseller" time="0.112" /><testcase classname="backend.tests.test_admin_api.TestSummaryAndResellers" name="test_regenerate_code" time="0.051" /><testcase classname="backend.tests.test_admin_api.TestConfig" name="test_patch_and_get_config" time="0.100" /><testcase classname="backend.tests.test_admin_api.TestPublicAndDevices" name="test_heartbeat_invalid_code_404" time="0.112" /><testcase classname="backend.tests.test_admin_api.TestPublicAndDevices" name="test_full_device_broadcast_flow" time="0.912" /><testcase classname="backend.tests.test_admin_api.TestAudit" name="test_audit_log_has_entries" time="0.049" /></testsuite></testsuites>